<?xml version="1.0" encoding="UTF-8"?>
<coverage generated="1653465769244" clover="3.2.0">
  <project timestamp="1653465769244" name="All files">
    <metrics statements="11" coveredstatements="10" conditionals="4" coveredconditionals="4" methods="5" coveredmethods="5" elements="20" coveredelements="19" complexity="0" loc="11" ncloc="11" packages="1" files="1" classes="1"/>
    <file name="callback.js" path="/Users/adxiong/Documents/github/jestLearn/demo2/callback.js">
      <metrics statements="11" coveredstatements="10" conditionals="4" coveredconditionals="4" methods="5" coveredmethods="5"/>
      <line num="9" count="1" type="stmt"/>
      <line num="10" count="1" type="stmt"/>
      <line num="11" count="1" type="cond" truecount="2" falsecount="0"/>
      <line num="15" count="1" type="stmt"/>
      <line num="16" count="3" type="stmt"/>
      <line num="17" count="3" type="stmt"/>
      <line num="18" count="3" type="stmt"/>
      <line num="19" count="3" type="cond" truecount="2" falsecount="0"/>
      <line num="20" count="2" type="stmt"/>
      <line num="23" count="0" type="stmt"/>
      <line num="29" count="1" type="stmt"/>
    </file>
  </project>
</coverage>
